# JRE version: Java(TM) SE Runtime Environment (18.0.2.1+1) (build 18.0.2.1+1-1)
# Java VM: Java HotSpot(TM) 64-Bit Server VM (18.0.2.1+1-1, mixed mode, sharing, tiered, compressed oops, compressed class ptrs, g1 gc, windows-amd64)
GC Precious Log:
 CardTable entry size: 512
 Card Set container configuration: InlinePtr #cards 5 size 8 Array Of Cards #cards 12 size 40 Howl #buckets 4 coarsen threshold 1843 Howl Bitmap #cards 512 size 80 coarsen threshold 460 Card regions per heap region 1 cards per card region 2048
 CPUs: 4 total, 4 available
 Memory: 8072M
 Large Page Support: Disabled
 NUMA Support: Disabled
 Compressed Oops: Enabled (32-bit)
 Heap Region Size: 1M
 Heap Min Capacity: 8M
 Heap Initial Capacity: 128M
 Heap Max Capacity: 2020M
 Pre-touch: Disabled
 Parallel Workers: 4
 Concurrent Workers: 1
 Concurrent Refinement Workers: 4
 Periodic GC: Disabled
Heap:
 garbage-first heap   total 54272K, used 35052K [0x0000000081c00000, 0x0000000100000000)
  region size 1024K, 18 young (18432K), 3 survivors (3072K)
 Metaspace       used 41274K, committed 41728K, reserved 1114112K
  class space    used 5428K, committed 5632K, reserved 1048576K
GC Heap History (16 events):
Event: 0.874 GC heap before
{Heap before GC invocations=0 (full 0):
 garbage-first heap   total 131072K, used 12288K [0x0000000081c00000, 0x0000000100000000)
  region size 1024K, 13 young (13312K), 0 survivors (0K)
 Metaspace       used 3246K, committed 3456K, reserved 1114112K
  class space    used 305K, committed 384K, reserved 1048576K
}
Event: 0.881 GC heap after
{Heap after GC invocations=1 (full 0):
 garbage-first heap   total 131072K, used 6015K [0x0000000081c00000, 0x0000000100000000)
  region size 1024K, 2 young (2048K), 2 survivors (2048K)
 Metaspace       used 3246K, committed 3456K, reserved 1114112K
  class space    used 305K, committed 384K, reserved 1048576K
}
Event: 1.226 GC heap before
{Heap before GC invocations=1 (full 0):
 garbage-first heap   total 131072K, used 13183K [0x0000000081c00000, 0x0000000100000000)
  region size 1024K, 10 young (10240K), 2 survivors (2048K)
 Metaspace       used 6058K, committed 6272K, reserved 1114112K
  class space    used 675K, committed 768K, reserved 1048576K
}
Event: 1.230 GC heap after
{Heap after GC invocations=2 (full 0):
 garbage-first heap   total 131072K, used 7000K [0x0000000081c00000, 0x0000000100000000)
  region size 1024K, 1 young (1024K), 1 survivors (1024K)
 Metaspace       used 6058K, committed 6272K, reserved 1114112K
  class space    used 675K, committed 768K, reserved 1048576K
}
Event: 1.852 GC heap before
{Heap before GC invocations=2 (full 0):
 garbage-first heap   total 131072K, used 28504K [0x0000000081c00000, 0x0000000100000000)
  region size 1024K, 23 young (23552K), 1 survivors (1024K)
 Metaspace       used 12178K, committed 12416K, reserved 1114112K
  class space    used 1549K, committed 1664K, reserved 1048576K
}
Event: 1.856 GC heap after
{Heap after GC invocations=3 (full 0):
 garbage-first heap   total 131072K, used 8558K [0x0000000081c00000, 0x0000000100000000)
  region size 1024K, 3 young (3072K), 3 survivors (3072K)
 Metaspace       used 12178K, committed 12416K, reserved 1114112K
  class space    used 1549K, committed 1664K, reserved 1048576K
}
Event: 3.160 GC heap before
{Heap before GC invocations=3 (full 0):
 garbage-first heap   total 131072K, used 54638K [0x0000000081c00000, 0x0000000100000000)
  region size 1024K, 50 young (51200K), 3 survivors (3072K)
 Metaspace       used 21239K, committed 21504K, reserved 1114112K
  class space    used 2663K, committed 2816K, reserved 1048576K
}
Event: 3.168 GC heap after
{Heap after GC invocations=4 (full 0):
 garbage-first heap   total 131072K, used 11508K [0x0000000081c00000, 0x0000000100000000)
  region size 1024K, 6 young (6144K), 6 survivors (6144K)
 Metaspace       used 21239K, committed 21504K, reserved 1114112K
  class space    used 2663K, committed 2816K, reserved 1048576K
}
Event: 4.237 GC heap before
{Heap before GC invocations=5 (full 0):
 garbage-first heap   total 45056K, used 44276K [0x0000000081c00000, 0x0000000100000000)
  region size 1024K, 38 young (38912K), 6 survivors (6144K)
 Metaspace       used 28507K, committed 28864K, reserved 1114112K
  class space    used 3613K, committed 3776K, reserved 1048576K
}
Event: 4.250 GC heap after
{Heap after GC invocations=6 (full 0):
 garbage-first heap   total 54272K, used 14874K [0x0000000081c00000, 0x0000000100000000)
  region size 1024K, 8 young (8192K), 8 survivors (8192K)
 Metaspace       used 28507K, committed 28864K, reserved 1114112K
  class space    used 3613K, committed 3776K, reserved 1048576K
}
Event: 4.887 GC heap before
{Heap before GC invocations=6 (full 0):
 garbage-first heap   total 54272K, used 36378K [0x0000000081c00000, 0x0000000100000000)
  region size 1024K, 29 young (29696K), 8 survivors (8192K)
 Metaspace       used 32678K, committed 33024K, reserved 1114112K
  class space    used 4199K, committed 4352K, reserved 1048576K
}
Event: 4.902 GC heap after
{Heap after GC invocations=7 (full 0):
 garbage-first heap   total 54272K, used 16763K [0x0000000081c00000, 0x0000000100000000)
  region size 1024K, 3 young (3072K), 3 survivors (3072K)
 Metaspace       used 32678K, committed 33024K, reserved 1114112K
  class space    used 4199K, committed 4352K, reserved 1048576K
}
Event: 5.239 GC heap before
{Heap before GC invocations=7 (full 0):
 garbage-first heap   total 54272K, used 33147K [0x0000000081c00000, 0x0000000100000000)
  region size 1024K, 20 young (20480K), 3 survivors (3072K)
 Metaspace       used 35815K, committed 36160K, reserved 1114112K
  class space    used 4682K, committed 4864K, reserved 1048576K
}
Event: 5.248 GC heap after
{Heap after GC invocations=8 (full 0):
 garbage-first heap   total 54272K, used 18722K [0x0000000081c00000, 0x0000000100000000)
  region size 1024K, 3 young (3072K), 3 survivors (3072K)
 Metaspace       used 35815K, committed 36160K, reserved 1114112K
  class space    used 4682K, committed 4864K, reserved 1048576K
}
Event: 5.858 GC heap before
{Heap before GC invocations=9 (full 0):
 garbage-first heap   total 54272K, used 38178K [0x0000000081c00000, 0x0000000100000000)
  region size 1024K, 22 young (22528K), 3 survivors (3072K)
 Metaspace       used 38724K, committed 39104K, reserved 1114112K
  class space    used 5078K, committed 5248K, reserved 1048576K
}
Event: 5.864 GC heap after
{Heap after GC invocations=10 (full 0):
 garbage-first heap   total 54272K, used 20716K [0x0000000081c00000, 0x0000000100000000)
  region size 1024K, 3 young (3072K), 3 survivors (3072K)
 Metaspace       used 38724K, committed 39104K, reserved 1114112K
  class space    used 5078K, committed 5248K, reserved 1048576K
}

