# JRE version: Java(TM) SE Runtime Environment (18.0.2.1+1) (build 18.0.2.1+1-1)
# Java VM: Java HotSpot(TM) 64-Bit Server VM (18.0.2.1+1-1, mixed mode, sharing, tiered, compressed oops, compressed class ptrs, g1 gc, windows-amd64)
GC Precious Log:
 CardTable entry size: 512
 Card Set container configuration: InlinePtr #cards 5 size 8 Array Of Cards #cards 12 size 40 Howl #buckets 4 coarsen threshold 1843 Howl Bitmap #cards 512 size 80 coarsen threshold 460 Card regions per heap region 1 cards per card region 2048
 CPUs: 4 total, 4 available
 Memory: 8072M
 Large Page Support: Disabled
 NUMA Support: Disabled
 Compressed Oops: Enabled (32-bit)
 Heap Region Size: 1M
 Heap Min Capacity: 8M
 Heap Initial Capacity: 128M
 Heap Max Capacity: 2020M
 Pre-touch: Disabled
 Parallel Workers: 4
 Concurrent Workers: 1
 Concurrent Refinement Workers: 4
 Periodic GC: Disabled
Heap:
 garbage-first heap   total 131072K, used 31571K [0x0000000081c00000, 0x0000000100000000)
  region size 1024K, 1 young (1024K), 1 survivors (1024K)
 Metaspace       used 50625K, committed 51072K, reserved 1114112K
  class space    used 6351K, committed 6592K, reserved 1048576K
GC Heap History (20 events):
Event: 101833.356 GC heap after
{Heap after GC invocations=89 (full 0):
 garbage-first heap   total 82944K, used 48710K [0x0000000081c00000, 0x0000000100000000)
  region size 1024K, 1 young (1024K), 1 survivors (1024K)
 Metaspace       used 50503K, committed 50944K, reserved 1114112K
  class space    used 6351K, committed 6592K, reserved 1048576K
}
Event: 101833.379 GC heap before
{Heap before GC invocations=89 (full 0):
 garbage-first heap   total 82944K, used 69190K [0x0000000081c00000, 0x0000000100000000)
  region size 1024K, 19 young (19456K), 1 survivors (1024K)
 Metaspace       used 50509K, committed 51008K, reserved 1114112K
  class space    used 6351K, committed 6592K, reserved 1048576K
}
Event: 101833.381 GC heap after
{Heap after GC invocations=90 (full 0):
 garbage-first heap   total 82944K, used 56621K [0x0000000081c00000, 0x0000000100000000)
  region size 1024K, 3 young (3072K), 3 survivors (3072K)
 Metaspace       used 50509K, committed 51008K, reserved 1114112K
  class space    used 6351K, committed 6592K, reserved 1048576K
}
Event: 101848.388 GC heap before
{Heap before GC invocations=91 (full 0):
 garbage-first heap   total 106496K, used 62765K [0x0000000081c00000, 0x0000000100000000)
  region size 1024K, 10 young (10240K), 3 survivors (3072K)
 Metaspace       used 50515K, committed 51008K, reserved 1114112K
  class space    used 6351K, committed 6592K, reserved 1048576K
}
Event: 101848.390 GC heap after
{Heap after GC invocations=92 (full 0):
 garbage-first heap   total 106496K, used 56362K [0x0000000081c00000, 0x0000000100000000)
  region size 1024K, 2 young (2048K), 2 survivors (2048K)
 Metaspace       used 50515K, committed 51008K, reserved 1114112K
  class space    used 6351K, committed 6592K, reserved 1048576K
}
Event: 101848.392 GC heap before
{Heap before GC invocations=92 (full 0):
 garbage-first heap   total 106496K, used 58410K [0x0000000081c00000, 0x0000000100000000)
  region size 1024K, 5 young (5120K), 2 survivors (2048K)
 Metaspace       used 50515K, committed 51008K, reserved 1114112K
  class space    used 6351K, committed 6592K, reserved 1048576K
}
Event: 101848.396 GC heap after
{Heap after GC invocations=93 (full 0):
 garbage-first heap   total 106496K, used 57188K [0x0000000081c00000, 0x0000000100000000)
  region size 1024K, 1 young (1024K), 1 survivors (1024K)
 Metaspace       used 50515K, committed 51008K, reserved 1114112K
  class space    used 6351K, committed 6592K, reserved 1048576K
}
Event: 101908.812 GC heap before
{Heap before GC invocations=93 (full 0):
 garbage-first heap   total 106496K, used 72548K [0x0000000081c00000, 0x0000000100000000)
  region size 1024K, 17 young (17408K), 1 survivors (1024K)
 Metaspace       used 50531K, committed 51008K, reserved 1114112K
  class space    used 6351K, committed 6592K, reserved 1048576K
}
Event: 101908.814 GC heap after
{Heap after GC invocations=94 (full 0):
 garbage-first heap   total 106496K, used 59197K [0x0000000081c00000, 0x0000000100000000)
  region size 1024K, 3 young (3072K), 3 survivors (3072K)
 Metaspace       used 50531K, committed 51008K, reserved 1114112K
  class space    used 6351K, committed 6592K, reserved 1048576K
}
Event: 102257.724 GC heap before
{Heap before GC invocations=95 (full 0):
 garbage-first heap   total 106496K, used 76605K [0x0000000081c00000, 0x0000000100000000)
  region size 1024K, 18 young (18432K), 3 survivors (3072K)
 Metaspace       used 50544K, committed 51008K, reserved 1114112K
  class space    used 6351K, committed 6592K, reserved 1048576K
}
Event: 102257.725 GC heap after
{Heap after GC invocations=96 (full 0):
 garbage-first heap   total 106496K, used 60039K [0x0000000081c00000, 0x0000000100000000)
  region size 1024K, 1 young (1024K), 1 survivors (1024K)
 Metaspace       used 50544K, committed 51008K, reserved 1114112K
  class space    used 6351K, committed 6592K, reserved 1048576K
}
Event: 102257.754 GC heap before
{Heap before GC invocations=96 (full 0):
 garbage-first heap   total 106496K, used 65159K [0x0000000081c00000, 0x0000000100000000)
  region size 1024K, 5 young (5120K), 1 survivors (1024K)
 Metaspace       used 50551K, committed 51008K, reserved 1114112K
  class space    used 6351K, committed 6592K, reserved 1048576K
}
Event: 102257.756 GC heap after
{Heap after GC invocations=97 (full 0):
 garbage-first heap   total 106496K, used 42707K [0x0000000081c00000, 0x0000000100000000)
  region size 1024K, 1 young (1024K), 1 survivors (1024K)
 Metaspace       used 50551K, committed 51008K, reserved 1114112K
  class space    used 6351K, committed 6592K, reserved 1048576K
}
Event: 102613.337 GC heap before
{Heap before GC invocations=97 (full 0):
 garbage-first heap   total 106496K, used 48851K [0x0000000081c00000, 0x0000000100000000)
  region size 1024K, 9 young (9216K), 1 survivors (1024K)
 Metaspace       used 50567K, committed 51008K, reserved 1114112K
  class space    used 6351K, committed 6592K, reserved 1048576K
}
Event: 102613.339 GC heap after
{Heap after GC invocations=98 (full 0):
 garbage-first heap   total 106496K, used 37584K [0x0000000081c00000, 0x0000000100000000)
  region size 1024K, 1 young (1024K), 1 survivors (1024K)
 Metaspace       used 50567K, committed 51008K, reserved 1114112K
  class space    used 6351K, committed 6592K, reserved 1048576K
}
Event: 126025.423 GC heap before
{Heap before GC invocations=99 (full 0):
 garbage-first heap   total 106496K, used 77520K [0x0000000081c00000, 0x0000000100000000)
  region size 1024K, 42 young (43008K), 1 survivors (1024K)
 Metaspace       used 50623K, committed 51072K, reserved 1114112K
  class space    used 6351K, committed 6592K, reserved 1048576K
}
Event: 126025.459 GC heap after
{Heap after GC invocations=100 (full 0):
 garbage-first heap   total 106496K, used 32560K [0x0000000081c00000, 0x0000000100000000)
  region size 1024K, 2 young (2048K), 2 survivors (2048K)
 Metaspace       used 50623K, committed 51072K, reserved 1114112K
  class space    used 6351K, committed 6592K, reserved 1048576K
}
Event: 126025.568 GC heap before
{Heap before GC invocations=100 (full 0):
 garbage-first heap   total 106496K, used 37680K [0x0000000081c00000, 0x0000000100000000)
  region size 1024K, 5 young (5120K), 2 survivors (2048K)
 Metaspace       used 50623K, committed 51072K, reserved 1114112K
  class space    used 6351K, committed 6592K, reserved 1048576K
}
Event: 126025.601 GC heap after
{Heap after GC invocations=101 (full 0):
 garbage-first heap   total 106496K, used 34895K [0x0000000081c00000, 0x0000000100000000)
  region size 1024K, 1 young (1024K), 1 survivors (1024K)
 Metaspace       used 50623K, committed 51072K, reserved 1114112K
  class space    used 6351K, committed 6592K, reserved 1048576K
}
Event: 126859.936 GC heap before
{Heap before GC invocations=101 (full 0):
 garbage-first heap   total 106496K, used 42063K [0x0000000081c00000, 0x0000000100000000)
  region size 1024K, 10 young (10240K), 1 survivors (1024K)
 Metaspace       used 50625K, committed 51072K, reserved 1114112K
  class space    used 6351K, committed 6592K, reserved 1048576K
}

