# JRE version: Java(TM) SE Runtime Environment (18.0.2.1+1) (build 18.0.2.1+1-1)
# Java VM: Java HotSpot(TM) 64-Bit Server VM (18.0.2.1+1-1, mixed mode, sharing, tiered, compressed oops, compressed class ptrs, g1 gc, windows-amd64)
GC Precious Log:
 CardTable entry size: 512
 Card Set container configuration: InlinePtr #cards 5 size 8 Array Of Cards #cards 12 size 40 Howl #buckets 4 coarsen threshold 1843 Howl Bitmap #cards 512 size 80 coarsen threshold 460 Card regions per heap region 1 cards per card region 2048
 CPUs: 4 total, 4 available
 Memory: 8072M
 Large Page Support: Disabled
 NUMA Support: Disabled
 Compressed Oops: Enabled (32-bit)
 Heap Region Size: 1M
 Heap Min Capacity: 8M
 Heap Initial Capacity: 128M
 Heap Max Capacity: 2020M
 Pre-touch: Disabled
 Parallel Workers: 4
 Concurrent Workers: 1
 Concurrent Refinement Workers: 4
 Periodic GC: Disabled
Heap:
 garbage-first heap   total 57344K, used 26104K [0x0000000081c00000, 0x0000000100000000)
  region size 1024K, 3 young (3072K), 1 survivors (1024K)
 Metaspace       used 48867K, committed 49344K, reserved 1114112K
  class space    used 6235K, committed 6464K, reserved 1048576K
GC Heap History (20 events):
Event: 12079.652 GC heap before
{Heap before GC invocations=15 (full 0):
 garbage-first heap   total 57344K, used 43384K [0x0000000081c00000, 0x0000000100000000)
  region size 1024K, 21 young (21504K), 2 survivors (2048K)
 Metaspace       used 48269K, committed 48704K, reserved 1114112K
  class space    used 6174K, committed 6400K, reserved 1048576K
}
Event: 12079.685 GC heap after
{Heap after GC invocations=16 (full 0):
 garbage-first heap   total 57344K, used 25540K [0x0000000081c00000, 0x0000000100000000)
  region size 1024K, 2 young (2048K), 2 survivors (2048K)
 Metaspace       used 48269K, committed 48704K, reserved 1114112K
  class space    used 6174K, committed 6400K, reserved 1048576K
}
Event: 17787.658 GC heap before
{Heap before GC invocations=16 (full 0):
 garbage-first heap   total 57344K, used 43972K [0x0000000081c00000, 0x0000000100000000)
  region size 1024K, 21 young (21504K), 2 survivors (2048K)
 Metaspace       used 48289K, committed 48768K, reserved 1114112K
  class space    used 6175K, committed 6400K, reserved 1048576K
}
Event: 17787.684 GC heap after
{Heap after GC invocations=17 (full 0):
 garbage-first heap   total 57344K, used 24888K [0x0000000081c00000, 0x0000000100000000)
  region size 1024K, 2 young (2048K), 2 survivors (2048K)
 Metaspace       used 48289K, committed 48768K, reserved 1114112K
  class space    used 6175K, committed 6400K, reserved 1048576K
}
Event: 23696.868 GC heap before
{Heap before GC invocations=17 (full 0):
 garbage-first heap   total 57344K, used 44344K [0x0000000081c00000, 0x0000000100000000)
  region size 1024K, 22 young (22528K), 2 survivors (2048K)
 Metaspace       used 48303K, committed 48768K, reserved 1114112K
  class space    used 6175K, committed 6400K, reserved 1048576K
}
Event: 23696.873 GC heap after
{Heap after GC invocations=18 (full 0):
 garbage-first heap   total 57344K, used 24838K [0x0000000081c00000, 0x0000000100000000)
  region size 1024K, 1 young (1024K), 1 survivors (1024K)
 Metaspace       used 48303K, committed 48768K, reserved 1114112K
  class space    used 6175K, committed 6400K, reserved 1048576K
}
Event: 30180.291 GC heap before
{Heap before GC invocations=18 (full 0):
 garbage-first heap   total 57344K, used 46342K [0x0000000081c00000, 0x0000000100000000)
  region size 1024K, 23 young (23552K), 1 survivors (1024K)
 Metaspace       used 48316K, committed 48768K, reserved 1114112K
  class space    used 6175K, committed 6400K, reserved 1048576K
}
Event: 30180.312 GC heap after
{Heap after GC invocations=19 (full 0):
 garbage-first heap   total 57344K, used 24928K [0x0000000081c00000, 0x0000000100000000)
  region size 1024K, 2 young (2048K), 2 survivors (2048K)
 Metaspace       used 48316K, committed 48768K, reserved 1114112K
  class space    used 6175K, committed 6400K, reserved 1048576K
}
Event: 32972.655 GC heap before
{Heap before GC invocations=19 (full 0):
 garbage-first heap   total 57344K, used 45408K [0x0000000081c00000, 0x0000000100000000)
  region size 1024K, 23 young (23552K), 2 survivors (2048K)
 Metaspace       used 48428K, committed 48896K, reserved 1114112K
  class space    used 6178K, committed 6400K, reserved 1048576K
}
Event: 32972.659 GC heap after
{Heap after GC invocations=20 (full 0):
 garbage-first heap   total 57344K, used 25299K [0x0000000081c00000, 0x0000000100000000)
  region size 1024K, 2 young (2048K), 2 survivors (2048K)
 Metaspace       used 48428K, committed 48896K, reserved 1114112K
  class space    used 6178K, committed 6400K, reserved 1048576K
}
Event: 33087.683 GC heap before
{Heap before GC invocations=20 (full 0):
 garbage-first heap   total 57344K, used 29395K [0x0000000081c00000, 0x0000000100000000)
  region size 1024K, 8 young (8192K), 2 survivors (2048K)
 Metaspace       used 48808K, committed 49280K, reserved 1114112K
  class space    used 6234K, committed 6464K, reserved 1048576K
}
Event: 33087.709 GC heap after
{Heap after GC invocations=21 (full 0):
 garbage-first heap   total 57344K, used 26306K [0x0000000081c00000, 0x0000000100000000)
  region size 1024K, 3 young (3072K), 3 survivors (3072K)
 Metaspace       used 48808K, committed 49280K, reserved 1114112K
  class space    used 6234K, committed 6464K, reserved 1048576K
}
Event: 33181.903 GC heap before
{Heap before GC invocations=21 (full 0):
 garbage-first heap   total 57344K, used 27330K [0x0000000081c00000, 0x0000000100000000)
  region size 1024K, 4 young (4096K), 3 survivors (3072K)
 Metaspace       used 48818K, committed 49344K, reserved 1114112K
  class space    used 6235K, committed 6464K, reserved 1048576K
}
Event: 33181.909 GC heap after
{Heap after GC invocations=22 (full 0):
 garbage-first heap   total 57344K, used 25033K [0x0000000081c00000, 0x0000000100000000)
  region size 1024K, 1 young (1024K), 1 survivors (1024K)
 Metaspace       used 48818K, committed 49344K, reserved 1114112K
  class space    used 6235K, committed 6464K, reserved 1048576K
}
Event: 33264.061 GC heap before
{Heap before GC invocations=22 (full 0):
 garbage-first heap   total 57344K, used 26057K [0x0000000081c00000, 0x0000000100000000)
  region size 1024K, 3 young (3072K), 1 survivors (1024K)
 Metaspace       used 48823K, committed 49344K, reserved 1114112K
  class space    used 6235K, committed 6464K, reserved 1048576K
}
Event: 33264.062 GC heap after
{Heap after GC invocations=23 (full 0):
 garbage-first heap   total 57344K, used 25017K [0x0000000081c00000, 0x0000000100000000)
  region size 1024K, 1 young (1024K), 1 survivors (1024K)
 Metaspace       used 48823K, committed 49344K, reserved 1114112K
  class space    used 6235K, committed 6464K, reserved 1048576K
}
Event: 33534.633 GC heap before
{Heap before GC invocations=23 (full 0):
 garbage-first heap   total 57344K, used 36281K [0x0000000081c00000, 0x0000000100000000)
  region size 1024K, 13 young (13312K), 1 survivors (1024K)
 Metaspace       used 48861K, committed 49344K, reserved 1114112K
  class space    used 6235K, committed 6464K, reserved 1048576K
}
Event: 33534.635 GC heap after
{Heap after GC invocations=24 (full 0):
 garbage-first heap   total 57344K, used 25041K [0x0000000081c00000, 0x0000000100000000)
  region size 1024K, 1 young (1024K), 1 survivors (1024K)
 Metaspace       used 48861K, committed 49344K, reserved 1114112K
  class space    used 6235K, committed 6464K, reserved 1048576K
}
Event: 33616.566 GC heap before
{Heap before GC invocations=24 (full 0):
 garbage-first heap   total 57344K, used 27089K [0x0000000081c00000, 0x0000000100000000)
  region size 1024K, 4 young (4096K), 1 survivors (1024K)
 Metaspace       used 48863K, committed 49344K, reserved 1114112K
  class space    used 6235K, committed 6464K, reserved 1048576K
}
Event: 33616.569 GC heap after
{Heap after GC invocations=25 (full 0):
 garbage-first heap   total 57344K, used 25080K [0x0000000081c00000, 0x0000000100000000)
  region size 1024K, 1 young (1024K), 1 survivors (1024K)
 Metaspace       used 48863K, committed 49344K, reserved 1114112K
  class space    used 6235K, committed 6464K, reserved 1048576K
}

